# JRE version: Java(TM) SE Runtime Environment (8.0_144-b01) (build 1.8.0_144-b01)
# Java VM: Java HotSpot(TM) 64-Bit Server VM (25.144-b01 mixed mode windows-amd64 compressed oops)
Heap:
 PSYoungGen      total 104448K, used 13082K [0x00000000eb180000, 0x00000000f2180000, 0x0000000100000000)
  eden space 97280K, 13% used [0x00000000eb180000,0x00000000ebe46ba8,0x00000000f1080000)
  from space 7168K, 0% used [0x00000000f1a80000,0x00000000f1a80000,0x00000000f2180000)
  to   space 8704K, 0% used [0x00000000f1080000,0x00000000f1080000,0x00000000f1900000)
 ParOldGen       total 35840K, used 12372K [0x00000000c1400000, 0x00000000c3700000, 0x00000000eb180000)
  object space 35840K, 34% used [0x00000000c1400000,0x00000000c20152d0,0x00000000c3700000)
 Metaspace       used 36064K, capacity 36534K, committed 37080K, reserved 1081344K
  class space    used 4577K, capacity 4697K, committed 4736K, reserved 1048576K
GC Heap History (10 events):
Event: 47.596 GC heap before
{Heap before GC invocations=8 (full 1):
 PSYoungGen      total 37376K, used 4587K [0x00000000eb180000, 0x00000000efd80000, 0x0000000100000000)
  eden space 32768K, 0% used [0x00000000eb180000,0x00000000eb180000,0x00000000ed180000)
  from space 4608K, 99% used [0x00000000ed180000,0x00000000ed5fad38,0x00000000ed600000)
  to   space 6144K, 0% used [0x00000000ef780000,0x00000000ef780000,0x00000000efd80000)
 ParOldGen       total 44032K, used 4847K [0x00000000c1400000, 0x00000000c3f00000, 0x00000000eb180000)
  object space 44032K, 11% used [0x00000000c1400000,0x00000000c18bbfd8,0x00000000c3f00000)
 Metaspace       used 20735K, capacity 21062K, committed 21248K, reserved 1067008K
  class space    used 2630K, capacity 2721K, committed 2816K, reserved 1048576K
Event: 47.759 GC heap after
Heap after GC invocations=8 (full 1):
 PSYoungGen      total 37376K, used 0K [0x00000000eb180000, 0x00000000efd80000, 0x0000000100000000)
  eden space 32768K, 0% used [0x00000000eb180000,0x00000000eb180000,0x00000000ed180000)
  from space 4608K, 0% used [0x00000000ed180000,0x00000000ed180000,0x00000000ed600000)
  to   space 6144K, 0% used [0x00000000ef780000,0x00000000ef780000,0x00000000efd80000)
 ParOldGen       total 26112K, used 6594K [0x00000000c1400000, 0x00000000c2d80000, 0x00000000eb180000)
  object space 26112K, 25% used [0x00000000c1400000,0x00000000c1a70b50,0x00000000c2d80000)
 Metaspace       used 20735K, capacity 21062K, committed 21248K, reserved 1067008K
  class space    used 2630K, capacity 2721K, committed 2816K, reserved 1048576K
}
Event: 66.539 GC heap before
{Heap before GC invocations=9 (full 1):
 PSYoungGen      total 37376K, used 32768K [0x00000000eb180000, 0x00000000efd80000, 0x0000000100000000)
  eden space 32768K, 100% used [0x00000000eb180000,0x00000000ed180000,0x00000000ed180000)
  from space 4608K, 0% used [0x00000000ed180000,0x00000000ed180000,0x00000000ed600000)
  to   space 6144K, 0% used [0x00000000ef780000,0x00000000ef780000,0x00000000efd80000)
 ParOldGen       total 26112K, used 6594K [0x00000000c1400000, 0x00000000c2d80000, 0x00000000eb180000)
  object space 26112K, 25% used [0x00000000c1400000,0x00000000c1a70b50,0x00000000c2d80000)
 Metaspace       used 25821K, capacity 26238K, committed 26496K, reserved 1073152K
  class space    used 3238K, capacity 3351K, committed 3456K, reserved 1048576K
Event: 66.556 GC heap after
Heap after GC invocations=9 (full 1):
 PSYoungGen      total 69632K, used 6127K [0x00000000eb180000, 0x00000000efd80000, 0x0000000100000000)
  eden space 63488K, 0% used [0x00000000eb180000,0x00000000eb180000,0x00000000eef80000)
  from space 6144K, 99% used [0x00000000ef780000,0x00000000efd7bda8,0x00000000efd80000)
  to   space 7168K, 0% used [0x00000000eef80000,0x00000000eef80000,0x00000000ef680000)
 ParOldGen       total 26112K, used 6779K [0x00000000c1400000, 0x00000000c2d80000, 0x00000000eb180000)
  object space 26112K, 25% used [0x00000000c1400000,0x00000000c1a9efc8,0x00000000c2d80000)
 Metaspace       used 25821K, capacity 26238K, committed 26496K, reserved 1073152K
  class space    used 3238K, capacity 3351K, committed 3456K, reserved 1048576K
}
Event: 75.474 GC heap before
{Heap before GC invocations=10 (full 1):
 PSYoungGen      total 69632K, used 69615K [0x00000000eb180000, 0x00000000efd80000, 0x0000000100000000)
  eden space 63488K, 100% used [0x00000000eb180000,0x00000000eef80000,0x00000000eef80000)
  from space 6144K, 99% used [0x00000000ef780000,0x00000000efd7bda8,0x00000000efd80000)
  to   space 7168K, 0% used [0x00000000eef80000,0x00000000eef80000,0x00000000ef680000)
 ParOldGen       total 26112K, used 6779K [0x00000000c1400000, 0x00000000c2d80000, 0x00000000eb180000)
  object space 26112K, 25% used [0x00000000c1400000,0x00000000c1a9efc8,0x00000000c2d80000)
 Metaspace       used 32519K, capacity 32924K, committed 33280K, reserved 1079296K
  class space    used 4144K, capacity 4266K, committed 4352K, reserved 1048576K
Event: 75.505 GC heap after
Heap after GC invocations=10 (full 1):
 PSYoungGen      total 70656K, used 7140K [0x00000000eb180000, 0x00000000f2380000, 0x0000000100000000)
  eden space 63488K, 0% used [0x00000000eb180000,0x00000000eb180000,0x00000000eef80000)
  from space 7168K, 99% used [0x00000000eef80000,0x00000000ef679298,0x00000000ef680000)
  to   space 9216K, 0% used [0x00000000f1a80000,0x00000000f1a80000,0x00000000f2380000)
 ParOldGen       total 26112K, used 10278K [0x00000000c1400000, 0x00000000c2d80000, 0x00000000eb180000)
  object space 26112K, 39% used [0x00000000c1400000,0x00000000c1e09bf8,0x00000000c2d80000)
 Metaspace       used 32519K, capacity 32924K, committed 33280K, reserved 1079296K
  class space    used 4144K, capacity 4266K, committed 4352K, reserved 1048576K
}
Event: 86.163 GC heap before
{Heap before GC invocations=11 (full 1):
 PSYoungGen      total 70656K, used 28897K [0x00000000eb180000, 0x00000000f2380000, 0x0000000100000000)
  eden space 63488K, 34% used [0x00000000eb180000,0x00000000ec6bf4c8,0x00000000eef80000)
  from space 7168K, 99% used [0x00000000eef80000,0x00000000ef679298,0x00000000ef680000)
  to   space 9216K, 0% used [0x00000000f1a80000,0x00000000f1a80000,0x00000000f2380000)
 ParOldGen       total 26112K, used 10278K [0x00000000c1400000, 0x00000000c2d80000, 0x00000000eb180000)
  object space 26112K, 39% used [0x00000000c1400000,0x00000000c1e09bf8,0x00000000c2d80000)
 Metaspace       used 34586K, capacity 35020K, committed 35416K, reserved 1081344K
  class space    used 4404K, capacity 4534K, committed 4608K, reserved 1048576K
Event: 86.178 GC heap after
Heap after GC invocations=11 (full 1):
 PSYoungGen      total 104448K, used 4669K [0x00000000eb180000, 0x00000000f2180000, 0x0000000100000000)
  eden space 97280K, 0% used [0x00000000eb180000,0x00000000eb180000,0x00000000f1080000)
  from space 7168K, 65% used [0x00000000f1a80000,0x00000000f1f0f780,0x00000000f2180000)
  to   space 8704K, 0% used [0x00000000f1080000,0x00000000f1080000,0x00000000f1900000)
 ParOldGen       total 26112K, used 13619K [0x00000000c1400000, 0x00000000c2d80000, 0x00000000eb180000)
  object space 26112K, 52% used [0x00000000c1400000,0x00000000c214cf90,0x00000000c2d80000)
 Metaspace       used 34586K, capacity 35020K, committed 35416K, reserved 1081344K
  class space    used 4404K, capacity 4534K, committed 4608K, reserved 1048576K
}
Event: 86.178 GC heap before
{Heap before GC invocations=12 (full 2):
 PSYoungGen      total 104448K, used 4669K [0x00000000eb180000, 0x00000000f2180000, 0x0000000100000000)
  eden space 97280K, 0% used [0x00000000eb180000,0x00000000eb180000,0x00000000f1080000)
  from space 7168K, 65% used [0x00000000f1a80000,0x00000000f1f0f780,0x00000000f2180000)
  to   space 8704K, 0% used [0x00000000f1080000,0x00000000f1080000,0x00000000f1900000)
 ParOldGen       total 26112K, used 13619K [0x00000000c1400000, 0x00000000c2d80000, 0x00000000eb180000)
  object space 26112K, 52% used [0x00000000c1400000,0x00000000c214cf90,0x00000000c2d80000)
 Metaspace       used 34586K, capacity 35020K, committed 35416K, reserved 1081344K
  class space    used 4404K, capacity 4534K, committed 4608K, reserved 1048576K
Event: 86.245 GC heap after
Heap after GC invocations=12 (full 2):
 PSYoungGen      total 104448K, used 0K [0x00000000eb180000, 0x00000000f2180000, 0x0000000100000000)
  eden space 97280K, 0% used [0x00000000eb180000,0x00000000eb180000,0x00000000f1080000)
  from space 7168K, 0% used [0x00000000f1a80000,0x00000000f1a80000,0x00000000f2180000)
  to   space 8704K, 0% used [0x00000000f1080000,0x00000000f1080000,0x00000000f1900000)
 ParOldGen       total 35840K, used 12372K [0x00000000c1400000, 0x00000000c3700000, 0x00000000eb180000)
  object space 35840K, 34% used [0x00000000c1400000,0x00000000c20152d0,0x00000000c3700000)
 Metaspace       used 34586K, capacity 35020K, committed 35416K, reserved 1081344K
  class space    used 4404K, capacity 4534K, committed 4608K, reserved 1048576K
}

